# JRE version: Java(TM) SE Runtime Environment (7.0_80-b15) (build 1.7.0_80-b15)
# Java VM: Java HotSpot(TM) 64-Bit Server VM (24.80-b11 mixed mode windows-amd64 compressed oops)
Heap
 PSYoungGen      total 175104K, used 88064K [0x00000000f0000000, 0x0000000100000000, 0x0000000100000000)
  eden space 88064K, 100% used [0x00000000f0000000,0x00000000f5600000,0x00000000f5600000)
  from space 87040K, 0% used [0x00000000f5600000,0x00000000f5600000,0x00000000fab00000)
  to   space 87040K, 0% used [0x00000000fab00000,0x00000000fab00000,0x0000000100000000)
 ParOldGen       total 524288K, used 524264K [0x00000000d0000000, 0x00000000f0000000, 0x00000000f0000000)
  object space 524288K, 99% used [0x00000000d0000000,0x00000000efffa238,0x00000000f0000000)
 PSPermGen       total 149504K, used 149279K [0x00000000c0000000, 0x00000000c9200000, 0x00000000d0000000)
  object space 149504K, 99% used [0x00000000c0000000,0x00000000c91c7f78,0x00000000c9200000)
GC Heap History (10 events):
Event: 1295.715 GC heap before
{Heap before GC invocations=273 (full 128):
 PSYoungGen      total 175104K, used 88064K [0x00000000f0000000, 0x0000000100000000, 0x0000000100000000)
  eden space 88064K, 100% used [0x00000000f0000000,0x00000000f5600000,0x00000000f5600000)
  from space 87040K, 0% used [0x00000000f5600000,0x00000000f5600000,0x00000000fab00000)
  to   space 87040K, 0% used [0x00000000fab00000,0x00000000fab00000,0x0000000100000000)
 ParOldGen       total 524288K, used 524272K [0x00000000d0000000, 0x00000000f0000000, 0x00000000f0000000)
  object space 524288K, 99% used [0x00000000d0000000,0x00000000efffc188,0x00000000f0000000)
 PSPermGen       total 149504K, used 149284K [0x00000000c0000000, 0x00000000c9200000, 0x00000000d0000000)
  object space 149504K, 99% used [0x00000000c0000000,0x00000000c91c91d8,0x00000000c9200000)
Event: 1297.801 GC heap after
Heap after GC invocations=273 (full 128):
 PSYoungGen      total 175104K, used 84518K [0x00000000f0000000, 0x0000000100000000, 0x0000000100000000)
  eden space 88064K, 95% used [0x00000000f0000000,0x00000000f5289a60,0x00000000f5600000)
  from space 87040K, 0% used [0x00000000f5600000,0x00000000f5600000,0x00000000fab00000)
  to   space 87040K, 0% used [0x00000000fab00000,0x00000000fab00000,0x0000000100000000)
 ParOldGen       total 524288K, used 524270K [0x00000000d0000000, 0x00000000f0000000, 0x00000000f0000000)
  object space 524288K, 99% used [0x00000000d0000000,0x00000000efffb8c8,0x00000000f0000000)
 PSPermGen       total 149504K, used 149266K [0x00000000c0000000, 0x00000000c9200000, 0x00000000d0000000)
  object space 149504K, 99% used [0x00000000c0000000,0x00000000c91c4b38,0x00000000c9200000)
}
Event: 1297.816 GC heap before
{Heap before GC invocations=274 (full 129):
 PSYoungGen      total 175104K, used 88064K [0x00000000f0000000, 0x0000000100000000, 0x0000000100000000)
  eden space 88064K, 100% used [0x00000000f0000000,0x00000000f5600000,0x00000000f5600000)
  from space 87040K, 0% used [0x00000000f5600000,0x00000000f5600000,0x00000000fab00000)
  to   space 87040K, 0% used [0x00000000fab00000,0x00000000fab00000,0x0000000100000000)
 ParOldGen       total 524288K, used 524270K [0x00000000d0000000, 0x00000000f0000000, 0x00000000f0000000)
  object space 524288K, 99% used [0x00000000d0000000,0x00000000efffb8c8,0x00000000f0000000)
 PSPermGen       total 149504K, used 149269K [0x00000000c0000000, 0x00000000c9200000, 0x00000000d0000000)
  object space 149504K, 99% used [0x00000000c0000000,0x00000000c91c5690,0x00000000c9200000)
Event: 1299.918 GC heap after
Heap after GC invocations=274 (full 129):
 PSYoungGen      total 175104K, used 84849K [0x00000000f0000000, 0x0000000100000000, 0x0000000100000000)
  eden space 88064K, 96% used [0x00000000f0000000,0x00000000f52dc450,0x00000000f5600000)
  from space 87040K, 0% used [0x00000000f5600000,0x00000000f5600000,0x00000000fab00000)
  to   space 87040K, 0% used [0x00000000fab00000,0x00000000fab00000,0x0000000100000000)
 ParOldGen       total 524288K, used 524267K [0x00000000d0000000, 0x00000000f0000000, 0x00000000f0000000)
  object space 524288K, 99% used [0x00000000d0000000,0x00000000efffacb8,0x00000000f0000000)
 PSPermGen       total 149504K, used 149266K [0x00000000c0000000, 0x00000000c9200000, 0x00000000d0000000)
  object space 149504K, 99% used [0x00000000c0000000,0x00000000c91c4b58,0x00000000c9200000)
}
Event: 1299.927 GC heap before
{Heap before GC invocations=275 (full 130):
 PSYoungGen      total 175104K, used 88064K [0x00000000f0000000, 0x0000000100000000, 0x0000000100000000)
  eden space 88064K, 100% used [0x00000000f0000000,0x00000000f5600000,0x00000000f5600000)
  from space 87040K, 0% used [0x00000000f5600000,0x00000000f5600000,0x00000000fab00000)
  to   space 87040K, 0% used [0x00000000fab00000,0x00000000fab00000,0x0000000100000000)
 ParOldGen       total 524288K, used 524267K [0x00000000d0000000, 0x00000000f0000000, 0x00000000f0000000)
  object space 524288K, 99% used [0x00000000d0000000,0x00000000efffacb8,0x00000000f0000000)
 PSPermGen       total 149504K, used 149266K [0x00000000c0000000, 0x00000000c9200000, 0x00000000d0000000)
  object space 149504K, 99% used [0x00000000c0000000,0x00000000c91c4b58,0x00000000c9200000)
Event: 1301.717 GC heap after
Heap after GC invocations=275 (full 130):
 PSYoungGen      total 175104K, used 85242K [0x00000000f0000000, 0x0000000100000000, 0x0000000100000000)
  eden space 88064K, 96% used [0x00000000f0000000,0x00000000f533e938,0x00000000f5600000)
  from space 87040K, 0% used [0x00000000f5600000,0x00000000f5600000,0x00000000fab00000)
  to   space 87040K, 0% used [0x00000000fab00000,0x00000000fab00000,0x0000000100000000)
 ParOldGen       total 524288K, used 524264K [0x00000000d0000000, 0x00000000f0000000, 0x00000000f0000000)
  object space 524288K, 99% used [0x00000000d0000000,0x00000000efffa350,0x00000000f0000000)
 PSPermGen       total 149504K, used 149266K [0x00000000c0000000, 0x00000000c9200000, 0x00000000d0000000)
  object space 149504K, 99% used [0x00000000c0000000,0x00000000c91c4b58,0x00000000c9200000)
}
Event: 1301.723 GC heap before
{Heap before GC invocations=276 (full 131):
 PSYoungGen      total 175104K, used 88064K [0x00000000f0000000, 0x0000000100000000, 0x0000000100000000)
  eden space 88064K, 100% used [0x00000000f0000000,0x00000000f5600000,0x00000000f5600000)
  from space 87040K, 0% used [0x00000000f5600000,0x00000000f5600000,0x00000000fab00000)
  to   space 87040K, 0% used [0x00000000fab00000,0x00000000fab00000,0x0000000100000000)
 ParOldGen       total 524288K, used 524264K [0x00000000d0000000, 0x00000000f0000000, 0x00000000f0000000)
  object space 524288K, 99% used [0x00000000d0000000,0x00000000efffa350,0x00000000f0000000)
 PSPermGen       total 149504K, used 149270K [0x00000000c0000000, 0x00000000c9200000, 0x00000000d0000000)
  object space 149504K, 99% used [0x00000000c0000000,0x00000000c91c5860,0x00000000c9200000)
Event: 1303.440 GC heap after
Heap after GC invocations=276 (full 131):
 PSYoungGen      total 175104K, used 85248K [0x00000000f0000000, 0x0000000100000000, 0x0000000100000000)
  eden space 88064K, 96% used [0x00000000f0000000,0x00000000f5340108,0x00000000f5600000)
  from space 87040K, 0% used [0x00000000f5600000,0x00000000f5600000,0x00000000fab00000)
  to   space 87040K, 0% used [0x00000000fab00000,0x00000000fab00000,0x0000000100000000)
 ParOldGen       total 524288K, used 524264K [0x00000000d0000000, 0x00000000f0000000, 0x00000000f0000000)
  object space 524288K, 99% used [0x00000000d0000000,0x00000000efffa238,0x00000000f0000000)
 PSPermGen       total 149504K, used 149253K [0x00000000c0000000, 0x00000000c9200000, 0x00000000d0000000)
  object space 149504K, 99% used [0x00000000c0000000,0x00000000c91c1780,0x00000000c9200000)
}
Event: 1303.448 GC heap before
{Heap before GC invocations=277 (full 132):
 PSYoungGen      total 175104K, used 88064K [0x00000000f0000000, 0x0000000100000000, 0x0000000100000000)
  eden space 88064K, 100% used [0x00000000f0000000,0x00000000f5600000,0x00000000f5600000)
  from space 87040K, 0% used [0x00000000f5600000,0x00000000f5600000,0x00000000fab00000)
  to   space 87040K, 0% used [0x00000000fab00000,0x00000000fab00000,0x0000000100000000)
 ParOldGen       total 524288K, used 524264K [0x00000000d0000000, 0x00000000f0000000, 0x00000000f0000000)
  object space 524288K, 99% used [0x00000000d0000000,0x00000000efffa238,0x00000000f0000000)
 PSPermGen       total 149504K, used 149262K [0x00000000c0000000, 0x00000000c9200000, 0x00000000d0000000)
  object space 149504K, 99% used [0x00000000c0000000,0x00000000c91c38f8,0x00000000c9200000)
Event: 1304.659 GC heap after
Heap after GC invocations=277 (full 132):
 PSYoungGen      total 175104K, used 85496K [0x00000000f0000000, 0x0000000100000000, 0x0000000100000000)
  eden space 88064K, 97% used [0x00000000f0000000,0x00000000f537e2e8,0x00000000f5600000)
  from space 87040K, 0% used [0x00000000f5600000,0x00000000f5600000,0x00000000fab00000)
  to   space 87040K, 0% used [0x00000000fab00000,0x00000000fab00000,0x0000000100000000)
 ParOldGen       total 524288K, used 524264K [0x00000000d0000000, 0x00000000f0000000, 0x00000000f0000000)
  object space 524288K, 99% used [0x00000000d0000000,0x00000000efffa238,0x00000000f0000000)
 PSPermGen       total 149504K, used 149262K [0x00000000c0000000, 0x00000000c9200000, 0x00000000d0000000)
  object space 149504K, 99% used [0x00000000c0000000,0x00000000c91c38f8,0x00000000c9200000)
}

